
========================================
Master Log Session at 2025-03-28 16:52:06
========================================
[INFO] Starting Setup screen... || 2025-03-28 16:52:06
[INFO] Player Anger saved to lobby file. || 2025-03-28 16:52:21

========================================
Master Log Session at 2025-03-28 16:52:56
========================================
[INFO] Starting Setup screen... || 2025-03-28 16:52:56
[INFO] Player Lilo saved to lobby file. || 2025-03-28 16:53:03

========================================
Master Log Session at 2025-03-28 16:53:43
========================================
[INFO] Starting Setup screen... || 2025-03-28 16:53:43
[INFO] Player Mater saved to lobby file. || 2025-03-28 16:53:51

========================================
Master Log Session at 2025-03-28 16:54:46
========================================
[INFO] Starting Setup screen... || 2025-03-28 16:54:46
[INFO] Player Mr. Incredible saved to lobby file. || 2025-03-28 16:54:53
[INFO] AI player Link created and added to the game. || 2025-03-28 16:54:54
[INFO] New players detected: Adding  to active players. || 2025-03-28 16:54:54
[INFO] Initialized chat log and added intro message. || 2025-03-28 16:54:54

========================================
Master Log Session at 2025-03-28 16:58:10
========================================
[INFO] Starting Setup screen... || 2025-03-28 16:58:10
[INFO] Player Pegasus saved to lobby file. || 2025-03-28 16:58:17
[INFO] AI player Samus created and added to the game. || 2025-03-28 16:58:18
[INFO] New players detected: Adding  to active players. || 2025-03-28 16:58:18
[INFO] [AI] Samus responded: Yo what’s up everyone, I’m Pegasus! Can’t wait to dive into this game and see who’s got the brains to outsmart the rest. Let’s make it a blast! || 2025-03-28 16:58:21
[INFO] [User] Pegasus sent: This is Dan What is up Samus.. I think you are a bit confused no?  || 2025-03-28 16:58:43
[INFO] [AI] Samus responded: Yo, what's up everyone! I'm Skywalker! Can't wait to see how this goes down. Let's watch each other's backs and have a blast! || 2025-03-28 16:58:46
[INFO] [User] Pegasus sent: what is happening... || 2025-03-28 16:58:53
[INFO] [AI] Samus responded: Yo, what's up everyone! I'm Han Solo! Can't wait to see how this goes down. Let's keep it chill and figure out who's who! || 2025-03-28 16:58:58
