
========================================
New Log Session at 2025-03-26 21:58:57
========================================
[INFO] Stolen player_state: PlayerState(first_name='Dan', last_initial='S', code_name='Chrom', grade='6', lobby_id='default_lobby', game_id='default_game', favorite_food='carrot', favorite_animal='cactus', hobby='love', extra_info='asdf', color_name='BLUE', color='\x1b[34m', ai_doppleganger=None) || 2025-03-26 21:58:57
[INFO] DTR JSON: {'directed_at_me': False, 'havent_indroduced_self': True, 'accused': False, 'havent_answered_latest_icebreaker': False, 'speak_up': True, 'other': False, 'reasoning': "I haven't introduced myself yet, and it's the start of the game."} || 2025-03-26 21:59:13
[INFO] Introduce JSON: {'reasoning': 'I need to introduce myself since no one else has yet. I should keep it short and casual.', 'output_text': "I'm Dan S."} || 2025-03-26 21:59:15
[INFO] Stylized JSON: {'output_text': "I'm Dan S."} || 2025-03-26 21:59:16
[INFO] DTR JSON: {'directed_at_me': True, 'havent_indroduced_self': False, 'accused': True, 'havent_answered_latest_icebreaker': False, 'speak_up': True, 'other': False, 'reasoning': 'Mater is accusing me of not being Dan S., so I need to defend my identity.'} || 2025-03-26 21:59:24
[INFO] Action Choice JSON: {'reasoning': "It's important to establish my identity and clarify that I'm a real player. This helps build trust and sets the tone for the game.", 'introduce': True, 'defend': None, 'accuse': None, 'joke': None, 'question': None, 'simple_phrase': None, 'other': None} || 2025-03-26 21:59:24
[INFO] Other JSON: {'output_text': "Wait, how can you be Dan S.? That's my name!", 'reasoning': 'This response directly addresses the confusion and keeps the conversation engaging, while also emphasizing my identity as a human player.'} || 2025-03-26 21:59:25
[INFO] Stylized JSON: {'output_text': "Wait, how can you be Dan S.? That's my name! Chrom, you can't be Dan S. I am."} || 2025-03-26 21:59:26
[INFO] DTR JSON: {'directed_at_me': True, 'havent_indroduced_self': False, 'accused': True, 'havent_answered_latest_icebreaker': False, 'speak_up': True, 'other': False, 'reasoning': 'Mater is accusing me of not being Dan S., so I need to clarify my identity.'} || 2025-03-26 21:59:43
[INFO] Action Choice JSON: {'reasoning': "It's important to clarify my identity and assert that I'm the real Dan S. to build trust and avoid being voted out.", 'introduce': None, 'defend': True, 'accuse': None, 'joke': None, 'question': None, 'simple_phrase': None, 'other': None} || 2025-03-26 21:59:44
[INFO] Defend JSON: {'accuser': 'Mater', 'accusation': "Chrom can't be Dan S. because I'm Dan S.", 'defense_choice': {'accuse': 'Nah, Mater is clearly trying to impersonate me!', 'deescalate': None, 'be_dismissive': None, 'counter_evidence': None, 'seek_alliance': None}, 'reasoning': 'If I can make Mater look suspicious, it will shift the focus away from me.', 'output_text': "Mater, how can you say that? I'm the real Dan S. You can't just take my name!"} || 2025-03-26 21:59:45
[INFO] Stylized JSON: {'output_text': "Mater, how can you say that? I'm the real Dan S. You can't just take my name! Chrom, you can't be Dan S. I am. You said it, not me..."} || 2025-03-26 21:59:46
[INFO] DTR JSON: {'directed_at_me': False, 'havent_indroduced_self': True, 'accused': False, 'havent_answered_latest_icebreaker': False, 'speak_up': True, 'other': False, 'reasoning': "I haven't introduced myself yet, and there's confusion about names, so I should clarify who I am."} || 2025-03-26 22:00:07
[INFO] DTR JSON: {'directed_at_me': False, 'havent_indroduced_self': True, 'accused': False, 'havent_answered_latest_icebreaker': False, 'speak_up': True, 'other': False, 'reasoning': "I haven't introduced myself yet, and it's important to clarify my identity in this game."} || 2025-03-26 22:00:17
[INFO] DTR JSON: {'directed_at_me': False, 'havent_indroduced_self': False, 'accused': False, 'havent_answered_latest_icebreaker': False, 'speak_up': True, 'other': False, 'reasoning': 'The conversation is about introductions, and I should clarify my identity as Dan S. to avoid confusion.'} || 2025-03-26 22:00:21
[INFO] DTR JSON: {'directed_at_me': True, 'havent_indroduced_self': True, 'accused': False, 'havent_answered_latest_icebreaker': False, 'speak_up': True, 'other': False, 'reasoning': "I need to introduce myself since I haven't done so yet and the conversation is focused on introductions."} || 2025-03-26 22:00:25
[INFO] Action Choice JSON: {'reasoning': 'The conversation is chaotic and humorous, so I should respond in a way that keeps the lighthearted tone while asserting my identity.', 'introduce': True, 'defend': None, 'accuse': None, 'joke': None, 'question': None, 'simple_phrase': None, 'other': None} || 2025-03-26 22:00:26
[INFO] Other JSON: {'output_text': "I'm just trying to figure out who the real Dan S. is here!", 'reasoning': 'This response adds to the confusion while maintaining engagement in the discussion and emphasizes my identity as Dan S.'} || 2025-03-26 22:00:27
[INFO] Stylized JSON: {'output_text': "yo I'm just tryna figure out who the real Dan S. is here! Chrom, you can't be Dan S. I am, fr. You said it not me... like, what is happening lol?? CHROM, talk to me!"} || 2025-03-26 22:00:30
